<?xml version="1.0" encoding="UTF-8"?>
<!-- Generated by org.testng.reporters.JUnitReportReporter -->
<testsuite skipped="0" hostname="FIN26" name="utils.excel" tests="1" failures="0" timestamp="07 Aug 2019 08:44:19 GMT" time="0.788" errors="0">
  <testcase name="readexcelsheet" time="0.788" classname="utils.excel"/>
</testsuite> <!-- utils.excel -->
