<?xml version="1.0" encoding="UTF-8"?>
<!-- Generated by org.testng.reporters.JUnitReportReporter -->
<testsuite skipped="0" hostname="FIN26" name="utils.Testrowscoloumns" tests="1" failures="0" timestamp="06 Aug 2019 09:58:35 GMT" time="26.552" errors="0">
  <testcase name="f" time="26.552" classname="utils.Testrowscoloumns"/>
</testsuite> <!-- utils.Testrowscoloumns -->
