<?xml version="1.0" encoding="UTF-8"?>
<!-- Generated by org.testng.reporters.JUnitReportReporter -->
<testsuite skipped="0" hostname="FIN26" name="utils.loginpage" tests="1" failures="0" timestamp="08 Aug 2019 04:11:37 GMT" time="8.876" errors="0">
  <testcase name="launchtest" time="8.876" classname="utils.loginpage"/>
</testsuite> <!-- utils.loginpage -->
