<?xml version="1.0" encoding="UTF-8"?>
<!-- Generated by org.testng.reporters.JUnitReportReporter -->
<testsuite skipped="0" hostname="FIN26" name="utils.assignment2" tests="1" failures="0" timestamp="07 Aug 2019 04:34:11 GMT" time="28.119" errors="0">
  <testcase name="switchToWindow" time="28.119" classname="utils.assignment2"/>
</testsuite> <!-- utils.assignment2 -->
