<?xml version="1.0" encoding="UTF-8"?>
<!-- Generated by org.testng.reporters.JUnitReportReporter -->
<testsuite skipped="0" hostname="FIN26" name="utils.assignment" tests="1" failures="0" timestamp="07 Aug 2019 04:11:01 GMT" time="24.461" errors="0">
  <testcase name="switchToWindow" time="24.461" classname="utils.assignment"/>
</testsuite> <!-- utils.assignment -->
