<?xml version="1.0" encoding="UTF-8"?>
<!-- Generated by org.testng.reporters.JUnitReportReporter -->
<testsuite skipped="0" hostname="FIN26" name="tests.BrowserTest" tests="1" failures="0" timestamp="06 Aug 2019 04:53:03 GMT" time="3.541" errors="0">
  <testcase name="InternetExplorer" time="3.541" classname="tests.BrowserTest"/>
</testsuite> <!-- tests.BrowserTest -->
