<?xml version="1.0" encoding="UTF-8"?>
<!-- Generated by org.testng.reporters.JUnitReportReporter -->
<testsuite skipped="0" hostname="FIN26" name="newutil.temp" tests="1" failures="0" timestamp="08 Aug 2019 08:40:10 GMT" time="48.800" errors="0">
  <testcase name="f" time="48.800" classname="newutil.temp"/>
</testsuite> <!-- newutil.temp -->
